
**** Build of configuration Debug for project APS02_03_DHT11 ****

"C:\\ti\\ccsv7\\utils\\bin\\gmake" -k -j 4 all -O 
'Building file: ../main.c'
'Invoking: MSP430 Compiler'
"C:/ti/ccsv7/tools/compiler/ti-cgt-msp430_16.9.0.LTS/bin/cl430" -vmsp --use_hw_mpy=none --include_path="C:/ti/ccsv7/ccs_base/msp430/include" --include_path="C:/ti/ccsv7/tools/compiler/ti-cgt-msp430_16.9.0.LTS/include" --advice:power=all --define=__MSP430G2553__ -g --printf_support=minimal --diag_warning=225 --diag_wrap=off --display_error_number --preproc_with_compile --preproc_dependency="main.d"  "../main.c"
"../main.c", line 39: remark #1527-D: (ULP 2.1) Detected SW delay loop using empty loop. Recommend using a timer module instead
"../main.c", line 159: remark #1527-D: (ULP 2.1) Detected SW delay loop using empty loop. Recommend using a timer module instead
"../main.c", line 21: remark #1535-D: (ULP 8.1) variable "cont_bit" is used as a constant. Recommend declaring variable as either 'static const' or 'const'
"../main.c", line 21: remark #1535-D: (ULP 8.1) variable "cont_byte" is used as a constant. Recommend declaring variable as either 'static const' or 'const'
"../main.c", line 21: remark #1535-D: (ULP 8.1) variable "dez_um" is used as a constant. Recommend declaring variable as either 'static const' or 'const'
"../main.c", line 21: remark #1535-D: (ULP 8.1) variable "uni_um" is used as a constant. Recommend declaring variable as either 'static const' or 'const'
"../main.c", line 21: remark #1535-D: (ULP 8.1) variable "dez_temp" is used as a constant. Recommend declaring variable as either 'static const' or 'const'
"../main.c", line 21: remark #1535-D: (ULP 8.1) variable "uni_temp" is used as a constant. Recommend declaring variable as either 'static const' or 'const'
'Finished building: ../main.c'
' '
'Building target: APS02_03_DHT11.out'
'Invoking: MSP430 Linker'
"C:/ti/ccsv7/tools/compiler/ti-cgt-msp430_16.9.0.LTS/bin/cl430" -vmsp --use_hw_mpy=none --advice:power=all --define=__MSP430G2553__ -g --printf_support=minimal --diag_warning=225 --diag_wrap=off --display_error_number -z -m"APS02_03_DHT11.map" --heap_size=80 --stack_size=80 -i"C:/ti/ccsv7/ccs_base/msp430/include" -i"C:/ti/ccsv7/tools/compiler/ti-cgt-msp430_16.9.0.LTS/lib" -i"C:/ti/ccsv7/tools/compiler/ti-cgt-msp430_16.9.0.LTS/include" --reread_libs --diag_wrap=off --display_error_number --warn_sections --xml_link_info="APS02_03_DHT11_linkInfo.xml" --use_hw_mpy=none --rom_model -o "APS02_03_DHT11.out" "./main.obj" "../lnk_msp430g2553.cmd"  -llibc.a 
<Linking>
remark #10371-D: (ULP 1.1) Detected no uses of low power mode state changing instructions
remark #10372-D: (ULP 4.1) Detected uninitialized Port 3 in this project. Recommend initializing all unused ports to eliminate wasted current consumption on unused pins.
'Finished building target: APS02_03_DHT11.out'
' '

**** Build Finished ****
