Running: C:\Xilinx\14.7\ISE_DS\ISE\bin\nt64\unwrapped\fuse.exe -intstyle ise -incremental -o D:/Projetos_ISE/Atividade01_Exercicio01/tb_lt_2bits_isim_beh.exe -prj D:/Projetos_ISE/Atividade01_Exercicio01/tb_lt_2bits_beh.prj work.tb_lt_2bits 
ISim P.20131013 (signature 0x7708f090)
Number of CPUs detected in this system: 4
Turning on mult-threading, number of parallel sub-compilation jobs: 8 
Determining compilation order of HDL files
Parsing VHDL file "D:/Projetos_ISE/Atividade01_Exercicio01/less_than.vhd" into library work
Parsing VHDL file "D:/Projetos_ISE/Atividade01_Exercicio01/tb_less_than.vhd" into library work
Starting static elaboration
Completed static elaboration
Compiling package standard
Compiling package std_logic_1164
Compiling package numeric_std
Compiling architecture arq of entity LT_2bits [lt_2bits_default]
Compiling architecture arq of entity tb_lt_2bits
Time Resolution for simulation is 1ps.
Waiting for 1 sub-compilation(s) to finish...
Compiled 6 VHDL Units
Built simulation executable D:/Projetos_ISE/Atividade01_Exercicio01/tb_lt_2bits_isim_beh.exe
Fuse Memory Usage: 35460 KB
Fuse CPU Usage: 765 ms
