--------------------------------------------------------------------------------
Release 14.7 Trace  (nt64)
Copyright (c) 1995-2013 Xilinx, Inc.  All rights reserved.

C:\Xilinx\14.7\ISE_DS\ISE\bin\nt64\unwrapped\trce.exe -intstyle ise -v 3 -s 4
-n 3 -fastpaths -xml disp_7seg.twx disp_7seg.ncd -o disp_7seg.twr disp_7seg.pcf
-ucf pin_out.ucf

Design file:              disp_7seg.ncd
Physical constraint file: disp_7seg.pcf
Device,package,speed:     xc3s100e,cp132,-4 (PRODUCTION 1.27 2013-10-13)
Report level:             verbose report

Environment Variable      Effect 
--------------------      ------ 
NONE                      No environment variables were set
--------------------------------------------------------------------------------

INFO:Timing:2698 - No timing constraints found, doing default enumeration.
INFO:Timing:3412 - To improve timing, see the Timing Closure User Guide (UG612).
INFO:Timing:2752 - To get complete path coverage, use the unconstrained paths 
   option. All paths that are not constrained will be reported in the 
   unconstrained paths section(s) of the report.
INFO:Timing:3339 - The clock-to-out numbers in this timing report are based on 
   a 50 Ohm transmission line loading model.  For the details of this model, 
   and for more information on accounting for different loading conditions, 
   please see the device datasheet.
INFO:Timing:3390 - This architecture does not support a default System Jitter 
   value, please add SYSTEM_JITTER constraint to the UCF to modify the Clock 
   Uncertainty calculation.
INFO:Timing:3389 - This architecture does not support 'Discrete Jitter' and 
   'Phase Error' calculations, these terms will be zero in the Clock 
   Uncertainty calculation.  Please make appropriate modification to 
   SYSTEM_JITTER to account for the unsupported Discrete Jitter and Phase 
   Error.



Data Sheet report:
-----------------
All values displayed in nanoseconds (ns)

Pad to Pad
---------------+---------------+---------+
Source Pad     |Destination Pad|  Delay  |
---------------+---------------+---------+
n_dis<0>       |sel_d<0>       |    7.513|
n_dis<0>       |sel_d<1>       |    7.821|
n_dis<0>       |sel_d<2>       |    8.186|
n_dis<0>       |sel_d<3>       |    8.060|
n_dis<1>       |sel_d<0>       |    7.494|
n_dis<1>       |sel_d<1>       |    7.508|
n_dis<1>       |sel_d<2>       |    7.709|
n_dis<1>       |sel_d<3>       |    7.590|
num<0>         |disp<0>        |    7.893|
num<0>         |disp<1>        |    7.878|
num<0>         |disp<2>        |    7.834|
num<0>         |disp<3>        |    8.561|
num<0>         |disp<4>        |    8.860|
num<0>         |disp<5>        |    8.234|
num<0>         |disp<6>        |    7.590|
num<1>         |disp<0>        |    8.823|
num<1>         |disp<1>        |    9.159|
num<1>         |disp<2>        |    9.248|
num<1>         |disp<3>        |    7.756|
num<1>         |disp<4>        |    8.188|
num<1>         |disp<5>        |    9.273|
num<1>         |disp<6>        |    8.871|
num<2>         |disp<0>        |    8.109|
num<2>         |disp<1>        |    9.178|
num<2>         |disp<2>        |    9.091|
num<2>         |disp<3>        |    7.924|
num<2>         |disp<4>        |    8.399|
num<2>         |disp<5>        |    8.379|
num<2>         |disp<6>        |    8.890|
num<3>         |disp<0>        |    8.884|
num<3>         |disp<1>        |    8.969|
num<3>         |disp<2>        |    8.665|
num<3>         |disp<3>        |    9.334|
num<3>         |disp<4>        |   10.212|
num<3>         |disp<5>        |    8.965|
num<3>         |disp<6>        |    8.681|
sel            |disp<0>        |    7.761|
sel            |disp<1>        |    8.102|
sel            |disp<2>        |    8.246|
sel            |disp<3>        |    8.224|
sel            |disp<4>        |    8.468|
sel            |disp<5>        |    8.290|
sel            |disp<6>        |    7.814|
---------------+---------------+---------+


Analysis completed Fri Nov 10 10:59:46 2017 
--------------------------------------------------------------------------------

Trace Settings:
-------------------------
Trace Settings 

Peak Memory Usage: 162 MB



