Release 14.7 - xst P.20131013 (nt64)
Copyright (c) 1995-2013 Xilinx, Inc.  All rights reserved.
--> Parameter TMPDIR set to xst/projnav.tmp


Total REAL time to Xst completion: 0.00 secs
Total CPU time to Xst completion: 0.08 secs
 
--> Parameter xsthdpdir set to xst


Total REAL time to Xst completion: 0.00 secs
Total CPU time to Xst completion: 0.08 secs
 
--> Reading design: top.prj

TABLE OF CONTENTS
  1) Synthesis Options Summary
  2) HDL Compilation
  3) Design Hierarchy Analysis
  4) HDL Analysis
  5) HDL Synthesis
     5.1) HDL Synthesis Report
  6) Advanced HDL Synthesis
     6.1) Advanced HDL Synthesis Report
  7) Low Level Synthesis
  8) Partition Report
  9) Final Report
	9.1) Device utilization summary
	9.2) Partition Resource Summary
	9.3) TIMING REPORT


=========================================================================
*                      Synthesis Options Summary                        *
=========================================================================
---- Source Parameters
Input File Name                    : "top.prj"
Input Format                       : mixed
Ignore Synthesis Constraint File   : NO

---- Target Parameters
Output File Name                   : "top"
Output Format                      : NGC
Target Device                      : xc3s100e-4-cp132

---- Source Options
Top Module Name                    : top
Automatic FSM Extraction           : YES
FSM Encoding Algorithm             : Auto
Safe Implementation                : No
FSM Style                          : LUT
RAM Extraction                     : Yes
RAM Style                          : Auto
ROM Extraction                     : Yes
Mux Style                          : Auto
Decoder Extraction                 : YES
Priority Encoder Extraction        : Yes
Shift Register Extraction          : YES
Logical Shifter Extraction         : YES
XOR Collapsing                     : YES
ROM Style                          : Auto
Mux Extraction                     : Yes
Resource Sharing                   : YES
Asynchronous To Synchronous        : NO
Multiplier Style                   : Auto
Automatic Register Balancing       : No

---- Target Options
Add IO Buffers                     : YES
Global Maximum Fanout              : 100000
Add Generic Clock Buffer(BUFG)     : 24
Register Duplication               : YES
Slice Packing                      : YES
Optimize Instantiated Primitives   : NO
Use Clock Enable                   : Yes
Use Synchronous Set                : Yes
Use Synchronous Reset              : Yes
Pack IO Registers into IOBs        : Auto
Equivalent register Removal        : YES

---- General Options
Optimization Goal                  : Speed
Optimization Effort                : 1
Keep Hierarchy                     : No
Netlist Hierarchy                  : As_Optimized
RTL Output                         : Yes
Global Optimization                : AllClockNets
Read Cores                         : YES
Write Timing Constraints           : NO
Cross Clock Analysis               : NO
Hierarchy Separator                : /
Bus Delimiter                      : <>
Case Specifier                     : Maintain
Slice Utilization Ratio            : 100
BRAM Utilization Ratio             : 100
Verilog 2001                       : YES
Auto BRAM Packing                  : NO
Slice Utilization Ratio Delta      : 5

=========================================================================


=========================================================================
*                          HDL Compilation                              *
=========================================================================
Compiling vhdl file "D:/Projetos_ISE/Lista04_Ex2_3/my_packages.vhd" in Library work.
Compiling vhdl file "D:/Projetos_ISE/Lista04_Ex2_3/DISP_7Seg.vhd" in Library work.
Architecture arq of Entity disp_7seg is up to date.
Compiling vhdl file "D:/Projetos_ISE/Lista04_Ex2_3/Clk_Generate.vhd" in Library work.
Architecture arq of Entity clk_generate is up to date.
Compiling vhdl file "D:/Projetos_ISE/Lista04_Ex2_3/main.vhd" in Library work.
Entity <top> compiled.
Entity <top> (Architecture <arq>) compiled.

=========================================================================
*                     Design Hierarchy Analysis                         *
=========================================================================
Analyzing hierarchy for entity <top> in library <work> (architecture <arq>).

Analyzing hierarchy for entity <disp_7seg> in library <work> (architecture <arq>).

Analyzing hierarchy for entity <clk_generate> in library <work> (architecture <arq>) with generics.
	freq = 1000


=========================================================================
*                            HDL Analysis                               *
=========================================================================
Analyzing Entity <top> in library <work> (Architecture <arq>).
INFO:Xst:1739 - HDL ADVISOR - "D:/Projetos_ISE/Lista04_Ex2_3/main.vhd" line 16: declaration of a buffer port will make it difficult for you to validate this design by simulation. It is preferable to declare it as output.
Entity <top> analyzed. Unit <top> generated.

Analyzing Entity <disp_7seg> in library <work> (Architecture <arq>).
Entity <disp_7seg> analyzed. Unit <disp_7seg> generated.

Analyzing generic Entity <clk_generate> in library <work> (Architecture <arq>).
	freq = 1000
Entity <clk_generate> analyzed. Unit <clk_generate> generated.


=========================================================================
*                           HDL Synthesis                               *
=========================================================================

Performing bidirectional port resolution...

Synthesizing Unit <disp_7seg>.
    Related source file is "D:/Projetos_ISE/Lista04_Ex2_3/DISP_7Seg.vhd".
WARNING:Xst:1780 - Signal <count> is never used or assigned. This unconnected signal will be trimmed during the optimization process.
    Found 4x4-bit ROM for signal <sel_d>.
WARNING:Xst:737 - Found 8-bit latch for signal <disp>. Latches may be generated from incomplete case or if statements. We do not recommend the use of latches in FPGA/CPLD designs, as they may lead to timing problems.
INFO:Xst:2371 - HDL ADVISOR - Logic functions respectively driving the data and gate enable inputs of this latch share common terms. This situation will potentially lead to setup/hold violations and, as a result, to simulation problems. This situation may come from an incomplete case statement (all selector values are not covered). You should carefully review if it was in your intentions to describe such a latch.
    Found 4-bit comparator greater for signal <disp$cmp_gt0000> created at line 24.
    Summary:
	inferred   1 ROM(s).
	inferred   1 Comparator(s).
Unit <disp_7seg> synthesized.


Synthesizing Unit <clk_generate>.
    Related source file is "D:/Projetos_ISE/Lista04_Ex2_3/Clk_Generate.vhd".
WARNING:Xst:653 - Signal <lim> is used but never assigned. This sourceless signal will be automatically connected to value 00000000000000000110000110101000.
    Found 1-bit register for signal <aux>.
    Found 32-bit up counter for signal <count>.
    Summary:
	inferred   1 Counter(s).
	inferred   1 D-type flip-flop(s).
Unit <clk_generate> synthesized.


Synthesizing Unit <top>.
    Related source file is "D:/Projetos_ISE/Lista04_Ex2_3/main.vhd".
WARNING:Xst:653 - Signal <sel> is used but never assigned. This sourceless signal will be automatically connected to value 1.
WARNING:Xst:653 - Signal <num> is used but never assigned. This sourceless signal will be automatically connected to value 0000.
WARNING:Xst:1780 - Signal <freq> is never used or assigned. This unconnected signal will be trimmed during the optimization process.
    Found 2-bit up counter for signal <n_disp>.
    Summary:
	inferred   1 Counter(s).
Unit <top> synthesized.


=========================================================================
HDL Synthesis Report

Macro Statistics
# ROMs                                                 : 1
 4x4-bit ROM                                           : 1
# Counters                                             : 2
 2-bit up counter                                      : 1
 32-bit up counter                                     : 1
# Registers                                            : 1
 1-bit register                                        : 1
# Latches                                              : 1
 8-bit latch                                           : 1
# Comparators                                          : 1
 4-bit comparator greater                              : 1

=========================================================================

=========================================================================
*                       Advanced HDL Synthesis                          *
=========================================================================

WARNING:Xst:1710 - FF/Latch <0> (without init value) has a constant value of 1 in block <0>. This FF/Latch will be trimmed during the optimization process.
WARNING:Xst:1710 - FF/Latch <0> (without init value) has a constant value of 1 in block <1>. This FF/Latch will be trimmed during the optimization process.
WARNING:Xst:1710 - FF/Latch <0> (without init value) has a constant value of 0 in block <2>. This FF/Latch will be trimmed during the optimization process.
WARNING:Xst:1710 - FF/Latch <0> (without init value) has a constant value of 0 in block <3>. This FF/Latch will be trimmed during the optimization process.
WARNING:Xst:1710 - FF/Latch <0> (without init value) has a constant value of 0 in block <4>. This FF/Latch will be trimmed during the optimization process.
WARNING:Xst:1710 - FF/Latch <0> (without init value) has a constant value of 0 in block <5>. This FF/Latch will be trimmed during the optimization process.
WARNING:Xst:1710 - FF/Latch <0> (without init value) has a constant value of 0 in block <6>. This FF/Latch will be trimmed during the optimization process.
WARNING:Xst:1710 - FF/Latch <0> (without init value) has a constant value of 0 in block <7>. This FF/Latch will be trimmed during the optimization process.

=========================================================================
Advanced HDL Synthesis Report

Macro Statistics
# ROMs                                                 : 1
 4x4-bit ROM                                           : 1
# Counters                                             : 2
 2-bit up counter                                      : 1
 32-bit up counter                                     : 1
# Registers                                            : 1
 Flip-Flops                                            : 1
# Latches                                              : 1
 8-bit latch                                           : 1
# Comparators                                          : 1
 4-bit comparator greater                              : 1

=========================================================================

=========================================================================
*                         Low Level Synthesis                           *
=========================================================================
WARNING:Xst:1710 - FF/Latch <disp_0> (without init value) has a constant value of 1 in block <disp_7seg>. This FF/Latch will be trimmed during the optimization process.
WARNING:Xst:1710 - FF/Latch <disp_1> (without init value) has a constant value of 1 in block <disp_7seg>. This FF/Latch will be trimmed during the optimization process.
WARNING:Xst:1710 - FF/Latch <disp_2> (without init value) has a constant value of 0 in block <disp_7seg>. This FF/Latch will be trimmed during the optimization process.
WARNING:Xst:1710 - FF/Latch <disp_3> (without init value) has a constant value of 0 in block <disp_7seg>. This FF/Latch will be trimmed during the optimization process.
WARNING:Xst:1710 - FF/Latch <disp_4> (without init value) has a constant value of 0 in block <disp_7seg>. This FF/Latch will be trimmed during the optimization process.
WARNING:Xst:1710 - FF/Latch <disp_5> (without init value) has a constant value of 0 in block <disp_7seg>. This FF/Latch will be trimmed during the optimization process.
WARNING:Xst:1710 - FF/Latch <disp_6> (without init value) has a constant value of 0 in block <disp_7seg>. This FF/Latch will be trimmed during the optimization process.
WARNING:Xst:1710 - FF/Latch <disp_7> (without init value) has a constant value of 0 in block <disp_7seg>. This FF/Latch will be trimmed during the optimization process.

Optimizing unit <top> ...

Mapping all equations...
Building and optimizing final netlist ...
Found area constraint ratio of 100 (+ 5) on block top, actual ratio is 2.

Final Macro Processing ...

=========================================================================
Final Register Report

Macro Statistics
# Registers                                            : 35
 Flip-Flops                                            : 35

=========================================================================

=========================================================================
*                           Partition Report                            *
=========================================================================

Partition Implementation Status
-------------------------------

  No Partitions were found in this design.

-------------------------------

=========================================================================
*                            Final Report                               *
=========================================================================
Final Results
RTL Top Level Output File Name     : top.ngr
Top Level Output File Name         : top
Output Format                      : NGC
Optimization Goal                  : Speed
Keep Hierarchy                     : No

Design Statistics
# IOs                              : 13

Cell Usage :
# BELS                             : 119
#      GND                         : 1
#      INV                         : 2
#      LUT1                        : 31
#      LUT2                        : 5
#      LUT4                        : 8
#      MUXCY                       : 39
#      VCC                         : 1
#      XORCY                       : 32
# FlipFlops/Latches                : 35
#      FD                          : 1
#      FDE                         : 1
#      FDR                         : 33
# Clock Buffers                    : 1
#      BUFGP                       : 1
# IO Buffers                       : 12
#      OBUF                        : 12
=========================================================================

Device utilization summary:
---------------------------

Selected Device : 3s100ecp132-4 

 Number of Slices:                       23  out of    960     2%  
 Number of Slice Flip Flops:             35  out of   1920     1%  
 Number of 4 input LUTs:                 46  out of   1920     2%  
 Number of IOs:                          13
 Number of bonded IOBs:                  13  out of     83    15%  
 Number of GCLKs:                         1  out of     24     4%  

---------------------------
Partition Resource Summary:
---------------------------

  No Partitions were found in this design.

---------------------------


=========================================================================
TIMING REPORT

NOTE: THESE TIMING NUMBERS ARE ONLY A SYNTHESIS ESTIMATE.
      FOR ACCURATE TIMING INFORMATION PLEASE REFER TO THE TRACE REPORT
      GENERATED AFTER PLACE-and-ROUTE.

Clock Information:
------------------
-----------------------------------+------------------------+-------+
Clock Signal                       | Clock buffer(FF name)  | Load  |
-----------------------------------+------------------------+-------+
mclk                               | BUFGP                  | 33    |
map_clk/aux                        | NONE(n_disp_1)         | 2     |
-----------------------------------+------------------------+-------+
INFO:Xst:2169 - HDL ADVISOR - Some clock signals were not automatically buffered by XST with BUFG/BUFR resources. Please use the buffer_type constraint in order to insert these buffers to the clock signals to help prevent skew problems.

Asynchronous Control Signals Information:
----------------------------------------
No asynchronous control signals found in this design

Timing Summary:
---------------
Speed Grade: -4

   Minimum period: 5.240ns (Maximum Frequency: 190.857MHz)
   Minimum input arrival time before clock: No path found
   Maximum output required time after clock: 5.831ns
   Maximum combinational path delay: No path found

Timing Detail:
--------------
All values displayed in nanoseconds (ns)

=========================================================================
Timing constraint: Default period analysis for Clock 'mclk'
  Clock period: 5.240ns (frequency: 190.857MHz)
  Total number of paths / destination ports: 1585 / 66
-------------------------------------------------------------------------
Delay:               5.240ns (Levels of Logic = 9)
  Source:            map_clk/count_8 (FF)
  Destination:       map_clk/count_0 (FF)
  Source Clock:      mclk rising
  Destination Clock: mclk rising

  Data Path: map_clk/count_8 to map_clk/count_0
                                Gate     Net
    Cell:in->out      fanout   Delay   Delay  Logical Name (Net Name)
    ----------------------------------------  ------------
     FDR:C->Q              2   0.591   0.622  map_clk/count_8 (map_clk/count_8)
     LUT4:I0->O            1   0.704   0.000  map_clk/count_cmp_eq0000_wg_lut<0> (map_clk/count_cmp_eq0000_wg_lut<0>)
     MUXCY:S->O            1   0.464   0.000  map_clk/count_cmp_eq0000_wg_cy<0> (map_clk/count_cmp_eq0000_wg_cy<0>)
     MUXCY:CI->O           1   0.059   0.000  map_clk/count_cmp_eq0000_wg_cy<1> (map_clk/count_cmp_eq0000_wg_cy<1>)
     MUXCY:CI->O           1   0.059   0.000  map_clk/count_cmp_eq0000_wg_cy<2> (map_clk/count_cmp_eq0000_wg_cy<2>)
     MUXCY:CI->O           1   0.059   0.000  map_clk/count_cmp_eq0000_wg_cy<3> (map_clk/count_cmp_eq0000_wg_cy<3>)
     MUXCY:CI->O           1   0.059   0.000  map_clk/count_cmp_eq0000_wg_cy<4> (map_clk/count_cmp_eq0000_wg_cy<4>)
     MUXCY:CI->O           1   0.059   0.000  map_clk/count_cmp_eq0000_wg_cy<5> (map_clk/count_cmp_eq0000_wg_cy<5>)
     MUXCY:CI->O           1   0.059   0.000  map_clk/count_cmp_eq0000_wg_cy<6> (map_clk/count_cmp_eq0000_wg_cy<6>)
     MUXCY:CI->O          33   0.331   1.263  map_clk/count_cmp_eq0000_wg_cy<7> (map_clk/count_cmp_eq0000)
     FDR:R                     0.911          map_clk/count_0
    ----------------------------------------
    Total                      5.240ns (3.355ns logic, 1.885ns route)
                                       (64.0% logic, 36.0% route)

=========================================================================
Timing constraint: Default period analysis for Clock 'map_clk/aux'
  Clock period: 2.411ns (frequency: 414.766MHz)
  Total number of paths / destination ports: 3 / 2
-------------------------------------------------------------------------
Delay:               2.411ns (Levels of Logic = 1)
  Source:            n_disp_1 (FF)
  Destination:       n_disp_1 (FF)
  Source Clock:      map_clk/aux rising
  Destination Clock: map_clk/aux rising

  Data Path: n_disp_1 to n_disp_1
                                Gate     Net
    Cell:in->out      fanout   Delay   Delay  Logical Name (Net Name)
    ----------------------------------------  ------------
     FD:C->Q               5   0.591   0.808  n_disp_1 (n_disp_1)
     LUT2:I0->O            1   0.704   0.000  Mcount_n_disp_xor<1>11 (Result<1>1)
     FD:D                      0.308          n_disp_1
    ----------------------------------------
    Total                      2.411ns (1.603ns logic, 0.808ns route)
                                       (66.5% logic, 33.5% route)

=========================================================================
Timing constraint: Default OFFSET OUT AFTER for Clock 'map_clk/aux'
  Total number of paths / destination ports: 8 / 4
-------------------------------------------------------------------------
Offset:              5.831ns (Levels of Logic = 2)
  Source:            n_disp_0 (FF)
  Destination:       sel_d<2> (PAD)
  Source Clock:      map_clk/aux rising

  Data Path: n_disp_0 to sel_d<2>
                                Gate     Net
    Cell:in->out      fanout   Delay   Delay  Logical Name (Net Name)
    ----------------------------------------  ------------
     FDR:C->Q              6   0.591   0.844  n_disp_0 (n_disp_0)
     LUT2:I0->O            1   0.704   0.420  map_disp/Mrom_sel_d21 (sel_d_2_OBUF)
     OBUF:I->O                 3.272          sel_d_2_OBUF (sel_d<2>)
    ----------------------------------------
    Total                      5.831ns (4.567ns logic, 1.264ns route)
                                       (78.3% logic, 21.7% route)

=========================================================================


Total REAL time to Xst completion: 4.00 secs
Total CPU time to Xst completion: 3.85 secs
 
--> 

Total memory usage is 311068 kilobytes

Number of errors   :    0 (   0 filtered)
Number of warnings :   22 (   0 filtered)
Number of infos    :    3 (   0 filtered)

