Running: C:\Xilinx\14.7\ISE_DS\ISE\bin\nt64\unwrapped\fuse.exe -intstyle ise -incremental -o D:/Projetos_ISE/Greater_Than/tb_gt_2b_isim_beh.exe -prj D:/Projetos_ISE/Greater_Than/tb_gt_2b_beh.prj work.tb_gt_2b 
ISim P.20131013 (signature 0x7708f090)
Number of CPUs detected in this system: 4
Turning on mult-threading, number of parallel sub-compilation jobs: 8 
Determining compilation order of HDL files
Parsing VHDL file "D:/Projetos_ISE/Greater_Than/gt_2bits.vhd" into library work
Parsing VHDL file "D:/Projetos_ISE/Greater_Than/tb_gt_2bits.vhd" into library work
Starting static elaboration
Completed static elaboration
Compiling package standard
Compiling package std_logic_1164
Compiling package numeric_std
Compiling architecture arq of entity greater_2bits [greater_2bits_default]
Compiling architecture arq of entity tb_gt_2b
Time Resolution for simulation is 1ps.
Waiting for 1 sub-compilation(s) to finish...
Compiled 6 VHDL Units
Built simulation executable D:/Projetos_ISE/Greater_Than/tb_gt_2b_isim_beh.exe
Fuse Memory Usage: 34780 KB
Fuse CPU Usage: 514 ms
