Command line:
   tb_lt_2bits_isim_beh.exe
     -simmode  gui
     -simrunnum  0
     -socket  51332

Tue Sep 19 21:36:21 2017


 Elaboration Time: 0.046875 sec

 Current Memory Usage: 842.473 Meg

 Total Signals          : 6
 Total Nets             : 5
 Total Signal Drivers   : 3
 Total Blocks           : 4
 Total Primitive Blocks : 3
 Total Processes        : 2
 Total Traceable Variables  : 13
 Total Scalar Nets and Variables : 488
Total Line Count : 6

 Total Simulation Time: 0.328125 sec

 Current Memory Usage: 685.187 Meg

Tue Sep 19 21:40:15 2017

