Command line:
   tb_gt_th_isim_beh.exe
     -simmode  gui
     -simrunnum  0
     -socket  50084

Tue Sep 12 19:23:39 2017


 Elaboration Time: 0.03125 sec

 Current Memory Usage: 842.375 Meg

 Total Signals          : 10
 Total Nets             : 5
 Total Signal Drivers   : 5
 Total Blocks           : 3
 Total Primitive Blocks : 2
 Total Processes        : 2
 Total Traceable Variables  : 8
 Total Scalar Nets and Variables : 365
Total Line Count : 17

 Total Simulation Time: 0.0625 sec

 Current Memory Usage: 842.375 Meg

Tue Sep 12 19:24:03 2017

