--------------------------------------------------------------------------------
Release 14.7 Trace  (nt64)
Copyright (c) 1995-2013 Xilinx, Inc.  All rights reserved.

C:\Xilinx\14.7\ISE_DS\ISE\bin\nt64\unwrapped\trce.exe -intstyle ise -v 3 -s 4
-n 3 -fastpaths -xml som_sub_2bit.twx som_sub_2bit.ncd -o som_sub_2bit.twr
som_sub_2bit.pcf -ucf cnst_som_sub.ucf

Design file:              som_sub_2bit.ncd
Physical constraint file: som_sub_2bit.pcf
Device,package,speed:     xc3s100e,cp132,-4 (PRODUCTION 1.27 2013-10-13)
Report level:             verbose report

Environment Variable      Effect 
--------------------      ------ 
NONE                      No environment variables were set
--------------------------------------------------------------------------------

INFO:Timing:2698 - No timing constraints found, doing default enumeration.
INFO:Timing:3412 - To improve timing, see the Timing Closure User Guide (UG612).
INFO:Timing:2752 - To get complete path coverage, use the unconstrained paths 
   option. All paths that are not constrained will be reported in the 
   unconstrained paths section(s) of the report.
INFO:Timing:3339 - The clock-to-out numbers in this timing report are based on 
   a 50 Ohm transmission line loading model.  For the details of this model, 
   and for more information on accounting for different loading conditions, 
   please see the device datasheet.
INFO:Timing:3390 - This architecture does not support a default System Jitter 
   value, please add SYSTEM_JITTER constraint to the UCF to modify the Clock 
   Uncertainty calculation.
INFO:Timing:3389 - This architecture does not support 'Discrete Jitter' and 
   'Phase Error' calculations, these terms will be zero in the Clock 
   Uncertainty calculation.  Please make appropriate modification to 
   SYSTEM_JITTER to account for the unsupported Discrete Jitter and Phase 
   Error.



Data Sheet report:
-----------------
All values displayed in nanoseconds (ns)

Pad to Pad
---------------+---------------+---------+
Source Pad     |Destination Pad|  Delay  |
---------------+---------------+---------+
a<0>           |disp<0>        |    7.946|
a<0>           |disp<1>        |    9.403|
a<0>           |disp<2>        |    7.228|
a<0>           |disp<3>        |    9.152|
a<0>           |disp<4>        |    7.208|
a<0>           |disp<5>        |    7.272|
a<0>           |disp<6>        |    7.503|
a<0>           |disp<7>        |    9.153|
a<0>           |x<0>           |    7.954|
a<0>           |x<1>           |    9.996|
a<0>           |x<2>           |    8.582|
a<1>           |disp<0>        |    8.639|
a<1>           |disp<1>        |    9.026|
a<1>           |disp<2>        |    8.536|
a<1>           |disp<3>        |    7.758|
a<1>           |disp<4>        |    7.685|
a<1>           |disp<5>        |    8.461|
a<1>           |disp<6>        |    8.544|
a<1>           |disp<7>        |    8.274|
a<1>           |x<1>           |    7.740|
a<1>           |x<2>           |    7.754|
b<0>           |disp<0>        |    7.952|
b<0>           |disp<1>        |    8.954|
b<0>           |disp<2>        |    8.720|
b<0>           |disp<3>        |    8.236|
b<0>           |disp<4>        |    8.388|
b<0>           |disp<5>        |    7.775|
b<0>           |disp<6>        |    8.070|
b<0>           |disp<7>        |    8.704|
b<0>           |x<0>           |    7.027|
b<0>           |x<1>           |    8.267|
b<0>           |x<2>           |    8.469|
b<1>           |disp<0>        |    8.485|
b<1>           |disp<1>        |    8.862|
b<1>           |disp<2>        |    9.593|
b<1>           |disp<3>        |   10.103|
b<1>           |disp<4>        |    9.261|
b<1>           |disp<5>        |    8.568|
b<1>           |disp<6>        |    8.815|
b<1>           |disp<7>        |    8.798|
b<1>           |x<1>           |   10.865|
b<1>           |x<2>           |   10.140|
swt            |disp<0>        |    9.555|
swt            |disp<1>        |    9.763|
swt            |disp<2>        |    8.737|
swt            |disp<3>        |    9.004|
swt            |disp<4>        |    8.408|
swt            |disp<5>        |    8.210|
swt            |disp<6>        |    7.913|
swt            |disp<7>        |    9.480|
swt            |x<1>           |    9.252|
swt            |x<2>           |    9.634|
---------------+---------------+---------+


Analysis completed Tue Sep 26 20:17:48 2017 
--------------------------------------------------------------------------------

Trace Settings:
-------------------------
Trace Settings 

Peak Memory Usage: 157 MB



