Release 14.7 - xst P.20131013 (nt64)
Copyright (c) 1995-2013 Xilinx, Inc.  All rights reserved.
--> Parameter TMPDIR set to xst/projnav.tmp


Total REAL time to Xst completion: 0.00 secs
Total CPU time to Xst completion: 0.11 secs
 
--> Parameter xsthdpdir set to xst


Total REAL time to Xst completion: 0.00 secs
Total CPU time to Xst completion: 0.11 secs
 
--> Reading design: som_sub_2bit.prj

TABLE OF CONTENTS
  1) Synthesis Options Summary
  2) HDL Compilation
  3) Design Hierarchy Analysis
  4) HDL Analysis
  5) HDL Synthesis
     5.1) HDL Synthesis Report
  6) Advanced HDL Synthesis
     6.1) Advanced HDL Synthesis Report
  7) Low Level Synthesis
  8) Partition Report
  9) Final Report
	9.1) Device utilization summary
	9.2) Partition Resource Summary
	9.3) TIMING REPORT


=========================================================================
*                      Synthesis Options Summary                        *
=========================================================================
---- Source Parameters
Input File Name                    : "som_sub_2bit.prj"
Input Format                       : mixed
Ignore Synthesis Constraint File   : NO

---- Target Parameters
Output File Name                   : "som_sub_2bit"
Output Format                      : NGC
Target Device                      : xc3s100e-4-cp132

---- Source Options
Top Module Name                    : som_sub_2bit
Automatic FSM Extraction           : YES
FSM Encoding Algorithm             : Auto
Safe Implementation                : No
FSM Style                          : LUT
RAM Extraction                     : Yes
RAM Style                          : Auto
ROM Extraction                     : Yes
Mux Style                          : Auto
Decoder Extraction                 : YES
Priority Encoder Extraction        : Yes
Shift Register Extraction          : YES
Logical Shifter Extraction         : YES
XOR Collapsing                     : YES
ROM Style                          : Auto
Mux Extraction                     : Yes
Resource Sharing                   : YES
Asynchronous To Synchronous        : NO
Multiplier Style                   : Auto
Automatic Register Balancing       : No

---- Target Options
Add IO Buffers                     : YES
Global Maximum Fanout              : 100000
Add Generic Clock Buffer(BUFG)     : 24
Register Duplication               : YES
Slice Packing                      : YES
Optimize Instantiated Primitives   : NO
Use Clock Enable                   : Yes
Use Synchronous Set                : Yes
Use Synchronous Reset              : Yes
Pack IO Registers into IOBs        : Auto
Equivalent register Removal        : YES

---- General Options
Optimization Goal                  : Speed
Optimization Effort                : 1
Keep Hierarchy                     : No
Netlist Hierarchy                  : As_Optimized
RTL Output                         : Yes
Global Optimization                : AllClockNets
Read Cores                         : YES
Write Timing Constraints           : NO
Cross Clock Analysis               : NO
Hierarchy Separator                : /
Bus Delimiter                      : <>
Case Specifier                     : Maintain
Slice Utilization Ratio            : 100
BRAM Utilization Ratio             : 100
Verilog 2001                       : YES
Auto BRAM Packing                  : NO
Slice Utilization Ratio Delta      : 5

=========================================================================


=========================================================================
*                          HDL Compilation                              *
=========================================================================
Compiling vhdl file "D:/Projetos_ISE/APS01/APS01_Som_Sub.vhd" in Library work.
Entity <som_sub_2bit> compiled.
Entity <som_sub_2bit> (Architecture <arq>) compiled.

=========================================================================
*                     Design Hierarchy Analysis                         *
=========================================================================
Analyzing hierarchy for entity <som_sub_2bit> in library <work> (architecture <arq>).


=========================================================================
*                            HDL Analysis                               *
=========================================================================
Analyzing Entity <som_sub_2bit> in library <work> (Architecture <arq>).
Entity <som_sub_2bit> analyzed. Unit <som_sub_2bit> generated.


=========================================================================
*                           HDL Synthesis                               *
=========================================================================

Performing bidirectional port resolution...

Synthesizing Unit <som_sub_2bit>.
    Related source file is "D:/Projetos_ISE/APS01/APS01_Som_Sub.vhd".
WARNING:Xst:737 - Found 8-bit latch for signal <disp>. Latches may be generated from incomplete case or if statements. We do not recommend the use of latches in FPGA/CPLD designs, as they may lead to timing problems.
INFO:Xst:2371 - HDL ADVISOR - Logic functions respectively driving the data and gate enable inputs of this latch share common terms. This situation will potentially lead to setup/hold violations and, as a result, to simulation problems. This situation may come from an incomplete case statement (all selector values are not covered). You should carefully review if it was in your intentions to describe such a latch.
    Found 3-bit addsub for signal <sx>.
    Summary:
	inferred   1 Adder/Subtractor(s).
Unit <som_sub_2bit> synthesized.

INFO:Xst:1767 - HDL ADVISOR - Resource sharing has identified that some arithmetic operations in this design can share the same physical resources for reduced device utilization. For improved clock frequency you may try to disable resource sharing.

=========================================================================
HDL Synthesis Report

Macro Statistics
# Adders/Subtractors                                   : 1
 3-bit addsub                                          : 1
# Latches                                              : 1
 8-bit latch                                           : 1

=========================================================================

=========================================================================
*                       Advanced HDL Synthesis                          *
=========================================================================


=========================================================================
Advanced HDL Synthesis Report

Macro Statistics
# Adders/Subtractors                                   : 1
 3-bit addsub                                          : 1
# Latches                                              : 1
 8-bit latch                                           : 1

=========================================================================

=========================================================================
*                         Low Level Synthesis                           *
=========================================================================

Optimizing unit <som_sub_2bit> ...
WARNING:Xst:1294 - Latch <disp_0> is equivalent to a wire in block <som_sub_2bit>.
WARNING:Xst:1294 - Latch <disp_1> is equivalent to a wire in block <som_sub_2bit>.
WARNING:Xst:1294 - Latch <disp_2> is equivalent to a wire in block <som_sub_2bit>.
WARNING:Xst:1294 - Latch <disp_3> is equivalent to a wire in block <som_sub_2bit>.
WARNING:Xst:1294 - Latch <disp_4> is equivalent to a wire in block <som_sub_2bit>.
WARNING:Xst:1294 - Latch <disp_5> is equivalent to a wire in block <som_sub_2bit>.
WARNING:Xst:1294 - Latch <disp_6> is equivalent to a wire in block <som_sub_2bit>.
WARNING:Xst:1294 - Latch <disp_7> is equivalent to a wire in block <som_sub_2bit>.
WARNING:Xst:1294 - Latch <disp_0> is equivalent to a wire in block <som_sub_2bit>.
WARNING:Xst:1294 - Latch <disp_1> is equivalent to a wire in block <som_sub_2bit>.
WARNING:Xst:1294 - Latch <disp_2> is equivalent to a wire in block <som_sub_2bit>.
WARNING:Xst:1294 - Latch <disp_3> is equivalent to a wire in block <som_sub_2bit>.
WARNING:Xst:1294 - Latch <disp_4> is equivalent to a wire in block <som_sub_2bit>.
WARNING:Xst:1294 - Latch <disp_5> is equivalent to a wire in block <som_sub_2bit>.
WARNING:Xst:1294 - Latch <disp_6> is equivalent to a wire in block <som_sub_2bit>.
WARNING:Xst:1294 - Latch <disp_7> is equivalent to a wire in block <som_sub_2bit>.

Mapping all equations...
Building and optimizing final netlist ...
Found area constraint ratio of 100 (+ 5) on block som_sub_2bit, actual ratio is 1.

Final Macro Processing ...

=========================================================================
Final Register Report

Found no macro
=========================================================================

=========================================================================
*                           Partition Report                            *
=========================================================================

Partition Implementation Status
-------------------------------

  No Partitions were found in this design.

-------------------------------

=========================================================================
*                            Final Report                               *
=========================================================================
Final Results
RTL Top Level Output File Name     : som_sub_2bit.ngr
Top Level Output File Name         : som_sub_2bit
Output Format                      : NGC
Optimization Goal                  : Speed
Keep Hierarchy                     : No

Design Statistics
# IOs                              : 20

Cell Usage :
# BELS                             : 30
#      GND                         : 1
#      LUT2                        : 2
#      LUT3                        : 1
#      LUT4                        : 17
#      MUXF5                       : 8
#      VCC                         : 1
# IO Buffers                       : 20
#      IBUF                        : 5
#      OBUF                        : 15
=========================================================================

Device utilization summary:
---------------------------

Selected Device : 3s100ecp132-4 

 Number of Slices:                       10  out of    960     1%  
 Number of 4 input LUTs:                 20  out of   1920     1%  
 Number of IOs:                          20
 Number of bonded IOBs:                  20  out of     83    24%  

---------------------------
Partition Resource Summary:
---------------------------

  No Partitions were found in this design.

---------------------------


=========================================================================
TIMING REPORT

NOTE: THESE TIMING NUMBERS ARE ONLY A SYNTHESIS ESTIMATE.
      FOR ACCURATE TIMING INFORMATION PLEASE REFER TO THE TRACE REPORT
      GENERATED AFTER PLACE-and-ROUTE.

Clock Information:
------------------
No clock signals found in this design

Asynchronous Control Signals Information:
----------------------------------------
No asynchronous control signals found in this design

Timing Summary:
---------------
Speed Grade: -4

   Minimum period: No path found
   Minimum input arrival time before clock: No path found
   Maximum output required time after clock: No path found
   Maximum combinational path delay: 8.166ns

Timing Detail:
--------------
All values displayed in nanoseconds (ns)

=========================================================================
Timing constraint: Default path analysis
  Total number of paths / destination ports: 84 / 11
-------------------------------------------------------------------------
Delay:               8.166ns (Levels of Logic = 4)
  Source:            a<0> (PAD)
  Destination:       disp<7> (PAD)

  Data Path: a<0> to disp<7>
                                Gate     Net
    Cell:in->out      fanout   Delay   Delay  Logical Name (Net Name)
    ----------------------------------------  ------------
     IBUF:I->O            17   1.218   1.226  a_0_IBUF (a_0_IBUF)
     LUT3:I0->O            2   0.704   0.622  Maddsub_sx_xor<2>111 (N2)
     LUT4:I0->O            1   0.704   0.420  disp_mux0000<0>1 (disp_7_OBUF)
     OBUF:I->O                 3.272          disp_7_OBUF (disp<7>)
    ----------------------------------------
    Total                      8.166ns (5.898ns logic, 2.268ns route)
                                       (72.2% logic, 27.8% route)

=========================================================================


Total REAL time to Xst completion: 6.00 secs
Total CPU time to Xst completion: 6.02 secs
 
--> 

Total memory usage is 289876 kilobytes

Number of errors   :    0 (   0 filtered)
Number of warnings :   17 (   0 filtered)
Number of infos    :    2 (   0 filtered)

