Command line:
   tb_gt_2b_isim_beh.exe
     -simmode  gui
     -simrunnum  0
     -socket  50542

Tue Sep 19 19:17:07 2017


 Elaboration Time: 0.03125 sec

 Current Memory Usage: 842.007 Meg

 Total Signals          : 9
 Total Nets             : 8
 Total Signal Drivers   : 6
 Total Blocks           : 4
 Total Primitive Blocks : 3
 Total Processes        : 5
 Total Traceable Variables  : 13
 Total Scalar Nets and Variables : 491
Total Line Count : 9

 Total Simulation Time: 0.1875 sec

 Current Memory Usage: 999.293 Meg

Tue Sep 19 19:24:19 2017

