Command line:
   tb_mlt_2bits_isim_beh.exe
     -simmode  gui
     -simrunnum  0
     -socket  51356

Tue Sep 19 22:08:00 2017


 Elaboration Time: 0.03125 sec

 Current Memory Usage: 841.957 Meg

 Total Signals          : 9
 Total Nets             : 11
 Total Signal Drivers   : 3
 Total Blocks           : 4
 Total Primitive Blocks : 3
 Total Processes        : 2
 Total Traceable Variables  : 13
 Total Scalar Nets and Variables : 494
Total Line Count : 6

 Total Simulation Time: 0.046875 sec

 Current Memory Usage: 841.957 Meg

Tue Sep 19 22:08:11 2017

